app/build/outputs/logs/manifest-merger-debug-report.txt
-- Merging decision tree log ---
manifest
ADDED from src\main\AndroidManifest.xml:2:1-109:12
	xmlns:android
		ADDED from src\main\AndroidManifest.xml:2:11-69
	package
		ADDED from src\main\AndroidManifest.xml:3:5-26
		INJECTED from src\main\AndroidManifest.xml
		INJECTED from src\main\AndroidManifest.xml
	android:versionName
		ADDED from src\main\AndroidManifest.xml:6:5-30
	android:versionCode
		ADDED from src\main\AndroidManifest.xml:5:5-28
		INJECTED from src\main\AndroidManifest.xml
		INJECTED from src\main\AndroidManifest.xml
	android:installLocation
		ADDED from src\main\AndroidManifest.xml:4:5-45
uses-sdk
ADDED from src\main\AndroidManifest.xml:8:5-10:41
MERGED from [com.android.support:support-v4:22.2.0] AndroidManifest.xml:20:5-43
MERGED from [com.android.support:appcompat-v7:21.0.0] AndroidManifest.xml:15:5-42
MERGED from [com.android.support:support-v4:22.2.0] AndroidManifest.xml:20:5-43
MERGED from [com.facebook.android:facebook-android-sdk:3.23.1] AndroidManifest.xml:20:5-22:41
MERGED from [com.android.support:support-v4:22.2.0] AndroidManifest.xml:20:5-43
MERGED from [com.google.android.gms:play-services-maps:8.1.0] AndroidManifest.xml:27:5-42
MERGED from [com.google.android.gms:play-services-base:8.1.0] AndroidManifest.xml:18:5-42
MERGED from [com.google.android.gms:play-services-basement:8.1.0] AndroidManifest.xml:18:5-42
MERGED from [com.android.support:support-v4:22.2.0] AndroidManifest.xml:20:5-43
	android:targetSdkVersion
		ADDED from src\main\AndroidManifest.xml:10:9-38
		INJECTED from src\main\AndroidManifest.xml
		INJECTED from src\main\AndroidManifest.xml
	android:minSdkVersion
		ADDED from src\main\AndroidManifest.xml:9:9-35
		INJECTED from src\main\AndroidManifest.xml
		INJECTED from src\main\AndroidManifest.xml
uses-feature#0x00020000
ADDED from src\main\AndroidManifest.xml:12:5-14:35
MERGED from [com.google.android.gms:play-services-maps:8.1.0] AndroidManifest.xml:23:5-25:33
	android:required
		ADDED from src\main\AndroidManifest.xml:14:9-32
	android:glEsVersion
		ADDED from src\main\AndroidManifest.xml:13:9-41
uses-permission#android.permission.INTERNET
ADDED from src\main\AndroidManifest.xml:16:5-67
MERGED from [com.google.android.gms:play-services-maps:8.1.0] AndroidManifest.xml:21:5-66
	android:name
		ADDED from src\main\AndroidManifest.xml:16:22-64
uses-permission#android.permission.ACCESS_NETWORK_STATE
ADDED from src\main\AndroidManifest.xml:17:5-79
MERGED from [com.google.android.gms:play-services-maps:8.1.0] AndroidManifest.xml:20:5-78
	android:name
		ADDED from src\main\AndroidManifest.xml:17:22-76
uses-permission#android.permission.WRITE_EXTERNAL_STORAGE
ADDED from src\main\AndroidManifest.xml:18:5-81
MERGED from [com.google.android.gms:play-services-maps:8.1.0] AndroidManifest.xml:22:5-80
	android:name
		ADDED from src\main\AndroidManifest.xml:18:22-78
uses-permission#android.permission.ACCESS_LOCATION
ADDED from src\main\AndroidManifest.xml:19:5-74
	android:name
		ADDED from src\main\AndroidManifest.xml:19:22-71
uses-permission#android.permission.ACCESS_COARSE_LOCATION
ADDED from src\main\AndroidManifest.xml:22:5-81
	android:name
		ADDED from src\main\AndroidManifest.xml:22:22-78
uses-permission#android.permission.ACCESS_FINE_LOCATION
ADDED from src\main\AndroidManifest.xml:23:5-79
	android:name
		ADDED from src\main\AndroidManifest.xml:23:22-76
uses-permission#android.permission.WAKE_LOCK
ADDED from src\main\AndroidManifest.xml:24:5-68
	android:name
		ADDED from src\main\AndroidManifest.xml:24:22-65
uses-permission#android.permission.SET_DEBUG_APP
ADDED from src\main\AndroidManifest.xml:26:5-71
	android:name
		ADDED from src\main\AndroidManifest.xml:26:22-69
application
ADDED from src\main\AndroidManifest.xml:28:5-107:19
MERGED from [com.android.support:support-v4:22.2.0] AndroidManifest.xml:22:5-20
MERGED from [com.android.support:appcompat-v7:21.0.0] AndroidManifest.xml:16:5-19
MERGED from [com.android.support:support-v4:22.2.0] AndroidManifest.xml:22:5-20
MERGED from [com.facebook.android:facebook-android-sdk:3.23.1] AndroidManifest.xml:24:5-20
MERGED from [com.android.support:support-v4:22.2.0] AndroidManifest.xml:22:5-20
MERGED from [com.google.android.gms:play-services-maps:8.1.0] AndroidManifest.xml:28:5-20
MERGED from [com.google.android.gms:play-services-basement:8.1.0] AndroidManifest.xml:20:5-24:19
MERGED from [com.android.support:support-v4:22.2.0] AndroidManifest.xml:22:5-20
	android:label
		ADDED from src\main\AndroidManifest.xml:32:9-41
	android:allowBackup
		ADDED from src\main\AndroidManifest.xml:30:9-35
	android:icon
		ADDED from src\main\AndroidManifest.xml:31:9-45
	android:theme
		ADDED from src\main\AndroidManifest.xml:33:9-46
	android:name
		ADDED from src\main\AndroidManifest.xml:29:9-43
meta-data#com.facebook.sdk.ApplicationId
ADDED from src\main\AndroidManifest.xml:34:9-36:46
	android:name
		ADDED from src\main\AndroidManifest.xml:35:13-58
	android:value
		ADDED from src\main\AndroidManifest.xml:36:13-43
meta-data#com.google.android.gms.version
ADDED from src\main\AndroidManifest.xml:37:9-39:69
MERGED from [com.google.android.gms:play-services-basement:8.1.0] AndroidManifest.xml:21:9-23:69
	android:name
		ADDED from src\main\AndroidManifest.xml:38:13-58
	android:value
		ADDED from src\main\AndroidManifest.xml:39:13-66
meta-data#com.google.android.geo.API_KEY
ADDED from src\main\AndroidManifest.xml:40:9-42:71
	android:name
		ADDED from src\main\AndroidManifest.xml:41:13-58
	android:value
		ADDED from src\main\AndroidManifest.xml:42:13-68
activity#se.loco.app.TransactionActivity
ADDED from src\main\AndroidManifest.xml:44:9-54:20
	android:screenOrientation
		ADDED from src\main\AndroidManifest.xml:47:13-49
	android:label
		ADDED from src\main\AndroidManifest.xml:46:13-45
	android:theme
		ADDED from src\main\AndroidManifest.xml:48:13-60
	android:name
		ADDED from src\main\AndroidManifest.xml:45:13-48
intent-filter#android.intent.action.MAIN+android.intent.category.LAUNCHER
ADDED from src\main\AndroidManifest.xml:49:13-53:29
action#android.intent.action.MAIN
ADDED from src\main\AndroidManifest.xml:50:17-69
	android:name
		ADDED from src\main\AndroidManifest.xml:50:25-66
category#android.intent.category.LAUNCHER
ADDED from src\main\AndroidManifest.xml:52:17-77
	android:name
		ADDED from src\main\AndroidManifest.xml:52:27-74
activity#com.facebook.LoginActivity
ADDED from src\main\AndroidManifest.xml:55:9-57:75
	android:theme
		ADDED from src\main\AndroidManifest.xml:57:13-72
	android:name
		ADDED from src\main\AndroidManifest.xml:56:13-54
activity#se.loco.app.TabsActivity
ADDED from src\main\AndroidManifest.xml:58:9-61:62
	android:screenOrientation
		ADDED from src\main\AndroidManifest.xml:60:13-49
	android:theme
		ADDED from src\main\AndroidManifest.xml:61:13-60
	android:name
		ADDED from src\main\AndroidManifest.xml:59:13-52
activity#se.loco.app.SearchFriendsActivity
ADDED from src\main\AndroidManifest.xml:62:9-65:62
	android:screenOrientation
		ADDED from src\main\AndroidManifest.xml:64:13-49
	android:theme
		ADDED from src\main\AndroidManifest.xml:65:13-60
	android:name
		ADDED from src\main\AndroidManifest.xml:63:13-61
activity#se.loco.app.ViewBuddy
ADDED from src\main\AndroidManifest.xml:66:9-69:62
	android:screenOrientation
		ADDED from src\main\AndroidManifest.xml:68:13-49
	android:theme
		ADDED from src\main\AndroidManifest.xml:69:13-60
	android:name
		ADDED from src\main\AndroidManifest.xml:67:13-49
activity#com.facebook.FacebookActivity
ADDED from src\main\AndroidManifest.xml:71:9-75:48
	android:label
		ADDED from src\main\AndroidManifest.xml:75:13-45
	android:configChanges
		ADDED from src\main\AndroidManifest.xml:72:13-114
	android:theme
		ADDED from src\main\AndroidManifest.xml:74:13-72
	android:name
		ADDED from src\main\AndroidManifest.xml:71:19-63
activity#se.loco.app.Settings
ADDED from src\main\AndroidManifest.xml:80:9-82:52
	android:screenOrientation
		ADDED from src\main\AndroidManifest.xml:82:13-49
	android:name
		ADDED from src\main\AndroidManifest.xml:81:13-48
activity#se.loco.app.MainActivity
ADDED from src\main\AndroidManifest.xml:83:9-86:62
	android:screenOrientation
		ADDED from src\main\AndroidManifest.xml:85:13-49
	android:theme
		ADDED from src\main\AndroidManifest.xml:86:13-60
	android:name
		ADDED from src\main\AndroidManifest.xml:84:13-52
activity#se.loco.app.MyDrinkListActivity
ADDED from src\main\AndroidManifest.xml:87:9-90:62
	android:screenOrientation
		ADDED from src\main\AndroidManifest.xml:89:13-49
	android:theme
		ADDED from src\main\AndroidManifest.xml:90:13-60
	android:name
		ADDED from src\main\AndroidManifest.xml:88:13-59
service#utils.UpdateUserLocationService
ADDED from src\main\AndroidManifest.xml:92:9-95:19
	android:exported
		ADDED from src\main\AndroidManifest.xml:94:13-37
	android:name
		ADDED from src\main\AndroidManifest.xml:93:13-59
receiver#utils.AlarmManagerBroadcastReceiver
ADDED from src\main\AndroidManifest.xml:97:9-98:20
	android:name
		ADDED from src\main\AndroidManifest.xml:97:19-69
service#utils.BackToHomeService
ADDED from src\main\AndroidManifest.xml:100:9-103:19
	android:exported
		ADDED from src\main\AndroidManifest.xml:102:13-37
	android:name
		ADDED from src\main\AndroidManifest.xml:101:13-51
receiver#utils.BackToHomeAlarmManagerBroadcastReceiver
ADDED from src\main\AndroidManifest.xml:105:9-106:20
	android:name
		ADDED from src\main\AndroidManifest.xml:105:19-79
android:uses-permission#android.permission.READ_EXTERNAL_STORAGE
IMPLIED from src\main\AndroidManifest.xml:2:1-109:12 reason: com.google.android.gms.maps requested WRITE_EXTERNAL_STORAGE